<?xml version="1.0" encoding="UTF-8"?>
<!-- Generated by org.testng.reporters.JUnitReportReporter -->
<testsuite hostname="LAPTOP-9AMLQAV6" failures="0" tests="10" name="Testngvox.Amazone" time="242.061" errors="0" timestamp="2022-02-11T13:07:30 IST" skipped="0">
  <testcase classname="Testngvox.Amazone" name="signin" time="9.516"/>
  <system-out/>
  <testcase classname="Testngvox.Amazone" name="signin" time="27.169"/>
  <system-out/>
  <testcase classname="Testngvox.Amazone" name="email" time="4.197"/>
  <system-out/>
  <testcase classname="Testngvox.Amazone" name="email" time="11.767"/>
  <system-out/>
  <testcase classname="Testngvox.Amazone" name="pswrd" time="0.517"/>
  <system-out/>
  <testcase classname="Testngvox.Amazone" name="pswrd" time="1.440"/>
  <system-out/>
  <testcase classname="Testngvox.Amazone" name="search" time="52.864"/>
  <system-out/>
  <testcase classname="Testngvox.Amazone" name="search" time="27.141"/>
  <system-out/>
  <testcase classname="Testngvox.Amazone" name="mob" time="66.925"/>
  <system-out/>
  <testcase classname="Testngvox.Amazone" name="mob" time="40.525"/>
  <system-out/>
</testsuite> <!-- Testngvox.Amazone -->
