<?xml version="1.0" encoding="UTF-8"?>
<!-- Generated by org.testng.reporters.JUnitReportReporter -->
<testsuite hostname="LAPTOP-9AMLQAV6" failures="0" tests="8" name="Testngvox.Amazone" time="43.011" errors="0" timestamp="2022-02-08T13:30:05 IST" skipped="0">
  <testcase classname="Testngvox.Amazone" name="signin" time="6.863"/>
  <system-out/>
  <testcase classname="Testngvox.Amazone" name="signin" time="3.875"/>
  <system-out/>
  <testcase classname="Testngvox.Amazone" name="email" time="1.318"/>
  <system-out/>
  <testcase classname="Testngvox.Amazone" name="email" time="1.582"/>
  <system-out/>
  <testcase classname="Testngvox.Amazone" name="pswrd" time="0.336"/>
  <system-out/>
  <testcase classname="Testngvox.Amazone" name="pswrd" time="0.347"/>
  <system-out/>
  <testcase classname="Testngvox.Amazone" name="search" time="9.945"/>
  <system-out/>
  <testcase classname="Testngvox.Amazone" name="search" time="18.745"/>
  <system-out/>
</testsuite> <!-- Testngvox.Amazone -->
