<?xml version="1.0" encoding="UTF-8"?>
<!-- Generated by org.testng.reporters.JUnitReportReporter -->
<testsuite hostname="LAPTOP-9AMLQAV6" failures="0" tests="10" name="Test.Hometest" time="148.704" errors="0" timestamp="2022-02-14T15:45:59 IST" skipped="0">
  <testcase classname="Test.Hometest" name="signtest" time="6.720"/>
  <system-out/>
  <testcase classname="Test.Hometest" name="signtest" time="7.576"/>
  <system-out/>
  <testcase classname="Test.Hometest" name="emailtest" time="2.120"/>
  <system-out/>
  <testcase classname="Test.Hometest" name="emailtest" time="2.201"/>
  <system-out/>
  <testcase classname="Test.Hometest" name="passtest" time="0.200"/>
  <system-out/>
  <testcase classname="Test.Hometest" name="passtest" time="0.194"/>
  <system-out/>
  <testcase classname="Test.Hometest" name="searchest" time="11.715"/>
  <system-out/>
  <testcase classname="Test.Hometest" name="searchest" time="36.491"/>
  <system-out/>
  <testcase classname="Test.Hometest" name="cartest" time="25.811"/>
  <system-out/>
  <testcase classname="Test.Hometest" name="cartest" time="55.676"/>
  <system-out/>
</testsuite> <!-- Test.Hometest -->
